# JRE version: OpenJDK Runtime Environment Temurin-17.0.4+8 (17.0.4+8) (build 17.0.4+8)
# Java VM: OpenJDK 64-Bit Server VM Temurin-17.0.4+8 (17.0.4+8, mixed mode, tiered, compressed oops, compressed class ptrs, parallel gc, windows-amd64)
GC Precious Log:
 CPUs: 8 total, 8 available
 Memory: 7937M
 Large Page Support: Disabled
 NUMA Support: Disabled
 Compressed Oops: Enabled (32-bit)
 Alignments: Space 512K, Generation 512K, Heap 2M
 Heap Min Capacity: 100M
 Heap Initial Capacity: 100M
 Heap Max Capacity: 1G
 Pre-touch: Disabled
 Parallel Workers: 8
Heap:
 PSYoungGen      total 4608K, used 4144K [0x00000000eab00000, 0x00000000eb180000, 0x0000000100000000)
  eden space 3584K, 89% used [0x00000000eab00000,0x00000000eae201b0,0x00000000eae80000)
  from space 1024K, 92% used [0x00000000eaf80000,0x00000000eb06bfe8,0x00000000eb080000)
  to   space 1024K, 0% used [0x00000000eb080000,0x00000000eb080000,0x00000000eb180000)
 ParOldGen       total 286720K, used 282386K [0x00000000c0000000, 0x00000000d1800000, 0x00000000eab00000)
  object space 286720K, 98% used [0x00000000c0000000,0x00000000d13c4838,0x00000000d1800000)
 Metaspace       used 83193K, committed 84224K, reserved 1130496K
  class space    used 8365K, committed 8832K, reserved 1048576K
GC Heap History (20 events):
Event: 843.679 GC heap before
{Heap before GC invocations=1185 (full 32):
 PSYoungGen      total 5120K, used 4960K [0x00000000eab00000, 0x00000000eb280000, 0x0000000100000000)
  eden space 3584K, 100% used [0x00000000eab00000,0x00000000eae80000,0x00000000eae80000)
  from space 1536K, 89% used [0x00000000eae80000,0x00000000eafd8010,0x00000000eb000000)
  to   space 2048K, 0% used [0x00000000eb080000,0x00000000eb080000,0x00000000eb280000)
 ParOldGen       total 286720K, used 270309K [0x00000000c0000000, 0x00000000d1800000, 0x00000000eab00000)
  object space 286720K, 94% used [0x00000000c0000000,0x00000000d07f9630,0x00000000d1800000)
 Metaspace       used 83180K, committed 84224K, reserved 1130496K
  class space    used 8365K, committed 8832K, reserved 1048576K
}
Event: 843.681 GC heap after
{Heap after GC invocations=1185 (full 32):
 PSYoungGen      total 4608K, used 676K [0x00000000eab00000, 0x00000000eb180000, 0x0000000100000000)
  eden space 3584K, 0% used [0x00000000eab00000,0x00000000eab00000,0x00000000eae80000)
  from space 1024K, 66% used [0x00000000eb080000,0x00000000eb129308,0x00000000eb180000)
  to   space 1024K, 0% used [0x00000000eaf80000,0x00000000eaf80000,0x00000000eb080000)
 ParOldGen       total 286720K, used 271613K [0x00000000c0000000, 0x00000000d1800000, 0x00000000eab00000)
  object space 286720K, 94% used [0x00000000c0000000,0x00000000d093f420,0x00000000d1800000)
 Metaspace       used 83180K, committed 84224K, reserved 1130496K
  class space    used 8365K, committed 8832K, reserved 1048576K
}
Event: 843.688 GC heap before
{Heap before GC invocations=1186 (full 32):
 PSYoungGen      total 4608K, used 4260K [0x00000000eab00000, 0x00000000eb180000, 0x0000000100000000)
  eden space 3584K, 100% used [0x00000000eab00000,0x00000000eae80000,0x00000000eae80000)
  from space 1024K, 66% used [0x00000000eb080000,0x00000000eb129308,0x00000000eb180000)
  to   space 1024K, 0% used [0x00000000eaf80000,0x00000000eaf80000,0x00000000eb080000)
 ParOldGen       total 286720K, used 271613K [0x00000000c0000000, 0x00000000d1800000, 0x00000000eab00000)
  object space 286720K, 94% used [0x00000000c0000000,0x00000000d093f420,0x00000000d1800000)
 Metaspace       used 83180K, committed 84224K, reserved 1130496K
  class space    used 8365K, committed 8832K, reserved 1048576K
}
Event: 843.690 GC heap after
{Heap after GC invocations=1186 (full 32):
 PSYoungGen      total 4608K, used 1007K [0x00000000eab00000, 0x00000000eb280000, 0x0000000100000000)
  eden space 3584K, 0% used [0x00000000eab00000,0x00000000eab00000,0x00000000eae80000)
  from space 1024K, 98% used [0x00000000eaf80000,0x00000000eb07bf78,0x00000000eb080000)
  to   space 2048K, 0% used [0x00000000eb080000,0x00000000eb080000,0x00000000eb280000)
 ParOldGen       total 286720K, used 272180K [0x00000000c0000000, 0x00000000d1800000, 0x00000000eab00000)
  object space 286720K, 94% used [0x00000000c0000000,0x00000000d09cd1f0,0x00000000d1800000)
 Metaspace       used 83180K, committed 84224K, reserved 1130496K
  class space    used 8365K, committed 8832K, reserved 1048576K
}
Event: 843.697 GC heap before
{Heap before GC invocations=1187 (full 32):
 PSYoungGen      total 4608K, used 4591K [0x00000000eab00000, 0x00000000eb280000, 0x0000000100000000)
  eden space 3584K, 100% used [0x00000000eab00000,0x00000000eae80000,0x00000000eae80000)
  from space 1024K, 98% used [0x00000000eaf80000,0x00000000eb07bf78,0x00000000eb080000)
  to   space 2048K, 0% used [0x00000000eb080000,0x00000000eb080000,0x00000000eb280000)
 ParOldGen       total 286720K, used 272180K [0x00000000c0000000, 0x00000000d1800000, 0x00000000eab00000)
  object space 286720K, 94% used [0x00000000c0000000,0x00000000d09cd1f0,0x00000000d1800000)
 Metaspace       used 83180K, committed 84224K, reserved 1130496K
  class space    used 8365K, committed 8832K, reserved 1048576K
}
Event: 843.698 GC heap after
{Heap after GC invocations=1187 (full 32):
 PSYoungGen      total 5632K, used 1536K [0x00000000eab00000, 0x00000000eb280000, 0x0000000100000000)
  eden space 3584K, 0% used [0x00000000eab00000,0x00000000eab00000,0x00000000eae80000)
  from space 2048K, 75% used [0x00000000eb080000,0x00000000eb200000,0x00000000eb280000)
  to   space 2048K, 0% used [0x00000000eae80000,0x00000000eae80000,0x00000000eb080000)
 ParOldGen       total 286720K, used 273212K [0x00000000c0000000, 0x00000000d1800000, 0x00000000eab00000)
  object space 286720K, 95% used [0x00000000c0000000,0x00000000d0acf358,0x00000000d1800000)
 Metaspace       used 83180K, committed 84224K, reserved 1130496K
  class space    used 8365K, committed 8832K, reserved 1048576K
}
Event: 843.816 GC heap before
{Heap before GC invocations=1188 (full 32):
 PSYoungGen      total 5632K, used 5119K [0x00000000eab00000, 0x00000000eb280000, 0x0000000100000000)
  eden space 3584K, 99% used [0x00000000eab00000,0x00000000eae7ffe8,0x00000000eae80000)
  from space 2048K, 75% used [0x00000000eb080000,0x00000000eb200000,0x00000000eb280000)
  to   space 2048K, 0% used [0x00000000eae80000,0x00000000eae80000,0x00000000eb080000)
 ParOldGen       total 286720K, used 273212K [0x00000000c0000000, 0x00000000d1800000, 0x00000000eab00000)
  object space 286720K, 95% used [0x00000000c0000000,0x00000000d0acf358,0x00000000d1800000)
 Metaspace       used 83180K, committed 84224K, reserved 1130496K
  class space    used 8365K, committed 8832K, reserved 1048576K
}
Event: 843.817 GC heap after
{Heap after GC invocations=1188 (full 32):
 PSYoungGen      total 5120K, used 1215K [0x00000000eab00000, 0x00000000eb180000, 0x0000000100000000)
  eden space 3584K, 0% used [0x00000000eab00000,0x00000000eab00000,0x00000000eae80000)
  from space 1536K, 79% used [0x00000000eae80000,0x00000000eafaffa8,0x00000000eb000000)
  to   space 1536K, 0% used [0x00000000eb000000,0x00000000eb000000,0x00000000eb180000)
 ParOldGen       total 286720K, used 274489K [0x00000000c0000000, 0x00000000d1800000, 0x00000000eab00000)
  object space 286720K, 95% used [0x00000000c0000000,0x00000000d0c0e5a8,0x00000000d1800000)
 Metaspace       used 83180K, committed 84224K, reserved 1130496K
  class space    used 8365K, committed 8832K, reserved 1048576K
}
Event: 843.828 GC heap before
{Heap before GC invocations=1189 (full 32):
 PSYoungGen      total 5120K, used 4799K [0x00000000eab00000, 0x00000000eb180000, 0x0000000100000000)
  eden space 3584K, 100% used [0x00000000eab00000,0x00000000eae80000,0x00000000eae80000)
  from space 1536K, 79% used [0x00000000eae80000,0x00000000eafaffa8,0x00000000eb000000)
  to   space 1536K, 0% used [0x00000000eb000000,0x00000000eb000000,0x00000000eb180000)
 ParOldGen       total 286720K, used 274489K [0x00000000c0000000, 0x00000000d1800000, 0x00000000eab00000)
  object space 286720K, 95% used [0x00000000c0000000,0x00000000d0c0e5a8,0x00000000d1800000)
 Metaspace       used 83180K, committed 84224K, reserved 1130496K
  class space    used 8365K, committed 8832K, reserved 1048576K
}
Event: 843.829 GC heap after
{Heap after GC invocations=1189 (full 32):
 PSYoungGen      total 5120K, used 1360K [0x00000000eab00000, 0x00000000eb180000, 0x0000000100000000)
  eden space 3584K, 0% used [0x00000000eab00000,0x00000000eab00000,0x00000000eae80000)
  from space 1536K, 88% used [0x00000000eb000000,0x00000000eb154010,0x00000000eb180000)
  to   space 1536K, 0% used [0x00000000eae80000,0x00000000eae80000,0x00000000eb000000)
 ParOldGen       total 286720K, used 275637K [0x00000000c0000000, 0x00000000d1800000, 0x00000000eab00000)
  object space 286720K, 96% used [0x00000000c0000000,0x00000000d0d2d490,0x00000000d1800000)
 Metaspace       used 83180K, committed 84224K, reserved 1130496K
  class space    used 8365K, committed 8832K, reserved 1048576K
}
Event: 843.836 GC heap before
{Heap before GC invocations=1190 (full 32):
 PSYoungGen      total 5120K, used 4944K [0x00000000eab00000, 0x00000000eb180000, 0x0000000100000000)
  eden space 3584K, 100% used [0x00000000eab00000,0x00000000eae80000,0x00000000eae80000)
  from space 1536K, 88% used [0x00000000eb000000,0x00000000eb154010,0x00000000eb180000)
  to   space 1536K, 0% used [0x00000000eae80000,0x00000000eae80000,0x00000000eb000000)
 ParOldGen       total 286720K, used 275637K [0x00000000c0000000, 0x00000000d1800000, 0x00000000eab00000)
  object space 286720K, 96% used [0x00000000c0000000,0x00000000d0d2d490,0x00000000d1800000)
 Metaspace       used 83180K, committed 84224K, reserved 1130496K
  class space    used 8365K, committed 8832K, reserved 1048576K
}
Event: 843.838 GC heap after
{Heap after GC invocations=1190 (full 32):
 PSYoungGen      total 5120K, used 1535K [0x00000000eab00000, 0x00000000eb580000, 0x0000000100000000)
  eden space 3584K, 0% used [0x00000000eab00000,0x00000000eab00000,0x00000000eae80000)
  from space 1536K, 99% used [0x00000000eae80000,0x00000000eaffffb8,0x00000000eb000000)
  to   space 3584K, 0% used [0x00000000eb200000,0x00000000eb200000,0x00000000eb580000)
 ParOldGen       total 286720K, used 276972K [0x00000000c0000000, 0x00000000d1800000, 0x00000000eab00000)
  object space 286720K, 96% used [0x00000000c0000000,0x00000000d0e7b270,0x00000000d1800000)
 Metaspace       used 83180K, committed 84224K, reserved 1130496K
  class space    used 8365K, committed 8832K, reserved 1048576K
}
Event: 843.846 GC heap before
{Heap before GC invocations=1191 (full 32):
 PSYoungGen      total 5120K, used 5119K [0x00000000eab00000, 0x00000000eb580000, 0x0000000100000000)
  eden space 3584K, 100% used [0x00000000eab00000,0x00000000eae80000,0x00000000eae80000)
  from space 1536K, 99% used [0x00000000eae80000,0x00000000eaffffb8,0x00000000eb000000)
  to   space 3584K, 0% used [0x00000000eb200000,0x00000000eb200000,0x00000000eb580000)
 ParOldGen       total 286720K, used 276972K [0x00000000c0000000, 0x00000000d1800000, 0x00000000eab00000)
  object space 286720K, 96% used [0x00000000c0000000,0x00000000d0e7b270,0x00000000d1800000)
 Metaspace       used 83180K, committed 84224K, reserved 1130496K
  class space    used 8365K, committed 8832K, reserved 1048576K
}
Event: 843.848 GC heap after
{Heap after GC invocations=1191 (full 32):
 PSYoungGen      total 5120K, used 1471K [0x00000000eab00000, 0x00000000eb380000, 0x0000000100000000)
  eden space 3584K, 0% used [0x00000000eab00000,0x00000000eab00000,0x00000000eae80000)
  from space 1536K, 95% used [0x00000000eb200000,0x00000000eb36ff88,0x00000000eb380000)
  to   space 2048K, 0% used [0x00000000eaf80000,0x00000000eaf80000,0x00000000eb180000)
 ParOldGen       total 286720K, used 278518K [0x00000000c0000000, 0x00000000d1800000, 0x00000000eab00000)
  object space 286720K, 97% used [0x00000000c0000000,0x00000000d0ffd9f8,0x00000000d1800000)
 Metaspace       used 83180K, committed 84224K, reserved 1130496K
  class space    used 8365K, committed 8832K, reserved 1048576K
}
Event: 843.856 GC heap before
{Heap before GC invocations=1192 (full 32):
 PSYoungGen      total 5120K, used 5055K [0x00000000eab00000, 0x00000000eb380000, 0x0000000100000000)
  eden space 3584K, 100% used [0x00000000eab00000,0x00000000eae80000,0x00000000eae80000)
  from space 1536K, 95% used [0x00000000eb200000,0x00000000eb36ff88,0x00000000eb380000)
  to   space 2048K, 0% used [0x00000000eaf80000,0x00000000eaf80000,0x00000000eb180000)
 ParOldGen       total 286720K, used 278518K [0x00000000c0000000, 0x00000000d1800000, 0x00000000eab00000)
  object space 286720K, 97% used [0x00000000c0000000,0x00000000d0ffd9f8,0x00000000d1800000)
 Metaspace       used 83180K, committed 84224K, reserved 1130496K
  class space    used 8365K, committed 8832K, reserved 1048576K
}
Event: 843.857 GC heap after
{Heap after GC invocations=1192 (full 32):
 PSYoungGen      total 5120K, used 1344K [0x00000000eab00000, 0x00000000eb280000, 0x0000000100000000)
  eden space 3584K, 0% used [0x00000000eab00000,0x00000000eab00000,0x00000000eae80000)
  from space 1536K, 87% used [0x00000000eaf80000,0x00000000eb0d0020,0x00000000eb100000)
  to   space 1536K, 0% used [0x00000000eb100000,0x00000000eb100000,0x00000000eb280000)
 ParOldGen       total 286720K, used 279881K [0x00000000c0000000, 0x00000000d1800000, 0x00000000eab00000)
  object space 286720K, 97% used [0x00000000c0000000,0x00000000d1152758,0x00000000d1800000)
 Metaspace       used 83180K, committed 84224K, reserved 1130496K
  class space    used 8365K, committed 8832K, reserved 1048576K
}
Event: 843.865 GC heap before
{Heap before GC invocations=1193 (full 32):
 PSYoungGen      total 5120K, used 4928K [0x00000000eab00000, 0x00000000eb280000, 0x0000000100000000)
  eden space 3584K, 100% used [0x00000000eab00000,0x00000000eae80000,0x00000000eae80000)
  from space 1536K, 87% used [0x00000000eaf80000,0x00000000eb0d0020,0x00000000eb100000)
  to   space 1536K, 0% used [0x00000000eb100000,0x00000000eb100000,0x00000000eb280000)
 ParOldGen       total 286720K, used 279881K [0x00000000c0000000, 0x00000000d1800000, 0x00000000eab00000)
  object space 286720K, 97% used [0x00000000c0000000,0x00000000d1152758,0x00000000d1800000)
 Metaspace       used 83182K, committed 84224K, reserved 1130496K
  class space    used 8365K, committed 8832K, reserved 1048576K
}
Event: 843.867 GC heap after
{Heap after GC invocations=1193 (full 32):
 PSYoungGen      total 5120K, used 1440K [0x00000000eab00000, 0x00000000eb280000, 0x0000000100000000)
  eden space 3584K, 0% used [0x00000000eab00000,0x00000000eab00000,0x00000000eae80000)
  from space 1536K, 93% used [0x00000000eb100000,0x00000000eb268020,0x00000000eb280000)
  to   space 1536K, 0% used [0x00000000eaf80000,0x00000000eaf80000,0x00000000eb100000)
 ParOldGen       total 286720K, used 281105K [0x00000000c0000000, 0x00000000d1800000, 0x00000000eab00000)
  object space 286720K, 98% used [0x00000000c0000000,0x00000000d1284778,0x00000000d1800000)
 Metaspace       used 83182K, committed 84224K, reserved 1130496K
  class space    used 8365K, committed 8832K, reserved 1048576K
}
Event: 844.347 GC heap before
{Heap before GC invocations=1194 (full 32):
 PSYoungGen      total 5120K, used 5023K [0x00000000eab00000, 0x00000000eb280000, 0x0000000100000000)
  eden space 3584K, 99% used [0x00000000eab00000,0x00000000eae7ffd0,0x00000000eae80000)
  from space 1536K, 93% used [0x00000000eb100000,0x00000000eb268020,0x00000000eb280000)
  to   space 1536K, 0% used [0x00000000eaf80000,0x00000000eaf80000,0x00000000eb100000)
 ParOldGen       total 286720K, used 281105K [0x00000000c0000000, 0x00000000d1800000, 0x00000000eab00000)
  object space 286720K, 98% used [0x00000000c0000000,0x00000000d1284778,0x00000000d1800000)
 Metaspace       used 83182K, committed 84224K, reserved 1130496K
  class space    used 8365K, committed 8832K, reserved 1048576K
}
Event: 844.348 GC heap after
{Heap after GC invocations=1194 (full 32):
 PSYoungGen      total 4608K, used 943K [0x00000000eab00000, 0x00000000eb180000, 0x0000000100000000)
  eden space 3584K, 0% used [0x00000000eab00000,0x00000000eab00000,0x00000000eae80000)
  from space 1024K, 92% used [0x00000000eaf80000,0x00000000eb06bfe8,0x00000000eb080000)
  to   space 1024K, 0% used [0x00000000eb080000,0x00000000eb080000,0x00000000eb180000)
 ParOldGen       total 286720K, used 282386K [0x00000000c0000000, 0x00000000d1800000, 0x00000000eab00000)
  object space 286720K, 98% used [0x00000000c0000000,0x00000000d13c4838,0x00000000d1800000)
 Metaspace       used 83182K, committed 84224K, reserved 1130496K
  class space    used 8365K, committed 8832K, reserved 1048576K
}

